{
  level: 'error',
  error: Error: Managers validation failed: type: Cast to Number failed for value "Two" (type string) at path "type"
      at ValidationError.inspect (/Users/admin/Documents/Maulik/insurance/product_inquiry/node_modules/mongoose/lib/error/validation.js:50:26)
      at formatValue (node:internal/util/inspect:805:19)
      at formatProperty (node:internal/util/inspect:1926:11)
      at formatRaw (node:internal/util/inspect:1054:9)
      at formatValue (node:internal/util/inspect:840:10)
      at inspect (node:internal/util/inspect:364:10)
      at Format.transform (/Users/admin/Documents/Maulik/insurance/product_inquiry/node_modules/logform/pretty-print.js:27:19)
      at Format.transform (/Users/admin/Documents/Maulik/insurance/product_inquiry/node_modules/logform/combine.js:20:24)
      at DerivedLogger._transform (/Users/admin/Documents/Maulik/insurance/product_inquiry/node_modules/winston/lib/winston/logger.js:313:29)
      at Transform._read (/Users/admin/Documents/Maulik/insurance/product_inquiry/node_modules/readable-stream/lib/_stream_transform.js:166:10) {
    errors: {
      type: CastError: Cast to Number failed for value "Two" (type string) at path "type"
          at SchemaNumber.cast (/Users/admin/Documents/Maulik/insurance/product_inquiry/node_modules/mongoose/lib/schema/number.js:380:11)
          at SchemaType.applySetters (/Users/admin/Documents/Maulik/insurance/product_inquiry/node_modules/mongoose/lib/schematype.js:1219:12)
          at model.$set (/Users/admin/Documents/Maulik/insurance/product_inquiry/node_modules/mongoose/lib/document.js:1411:22)
          at model.$set (/Users/admin/Documents/Maulik/insurance/product_inquiry/node_modules/mongoose/lib/document.js:1113:16)
          at model.Document (/Users/admin/Documents/Maulik/insurance/product_inquiry/node_modules/mongoose/lib/document.js:164:12)
          at model.Model (/Users/admin/Documents/Maulik/insurance/product_inquiry/node_modules/mongoose/lib/model.js:123:12)
          at new model (/Users/admin/Documents/Maulik/insurance/product_inquiry/node_modules/mongoose/lib/model.js:4718:15)
          at exports.managerCreate (/Users/admin/Documents/Maulik/insurance/product_inquiry/src/controllers/manager.controller.js:26:22)
          at Layer.handle [as handle_request] (/Users/admin/Documents/Maulik/insurance/product_inquiry/node_modules/express/lib/router/layer.js:95:5)
          at next (/Users/admin/Documents/Maulik/insurance/product_inquiry/node_modules/express/lib/router/route.js:144:13) {
        stringValue: '"Two"',
        messageFormat: undefined,
        kind: 'Number',
        value: 'Two',
        path: 'type',
        reason: AssertionError [ERR_ASSERTION]: The expression evaluated to a falsy value:
        
          assert.ok(!isNaN(val))
        
            at castNumber (/Users/admin/Documents/Maulik/insurance/product_inquiry/node_modules/mongoose/lib/cast/number.js:27:10)
            at SchemaNumber.cast (/Users/admin/Documents/Maulik/insurance/product_inquiry/node_modules/mongoose/lib/schema/number.js:378:12)
            at SchemaType.applySetters (/Users/admin/Documents/Maulik/insurance/product_inquiry/node_modules/mongoose/lib/schematype.js:1219:12)
            at model.$set (/Users/admin/Documents/Maulik/insurance/product_inquiry/node_modules/mongoose/lib/document.js:1411:22)
            at model.$set (/Users/admin/Documents/Maulik/insurance/product_inquiry/node_modules/mongoose/lib/document.js:1113:16)
            at model.Document (/Users/admin/Documents/Maulik/insurance/product_inquiry/node_modules/mongoose/lib/document.js:164:12)
            at model.Model (/Users/admin/Documents/Maulik/insurance/product_inquiry/node_modules/mongoose/lib/model.js:123:12)
            at new model (/Users/admin/Documents/Maulik/insurance/product_inquiry/node_modules/mongoose/lib/model.js:4718:15)
            at exports.managerCreate (/Users/admin/Documents/Maulik/insurance/product_inquiry/src/controllers/manager.controller.js:26:22)
            at Layer.handle [as handle_request] (/Users/admin/Documents/Maulik/insurance/product_inquiry/node_modules/express/lib/router/layer.js:95:5) {
          generatedMessage: true,
          code: 'ERR_ASSERTION',
          actual: false,
          expected: true,
          operator: '=='
        },
        valueType: 'string'
      }
    },
    _message: 'Managers validation failed'
  },
  message: 'Managers validation failed: type: Cast to Number failed for value "Two" (type string) at path "type"',
  label: 'right meow!',
  timestamp: '2023-11-26T07:07:28.493Z'
}
{
  level: 'error',
  error: Error: Managers validation failed: type: Cast to Number failed for value "Two" (type string) at path "type"
      at ValidationError.inspect (/Users/admin/Documents/Maulik/insurance/product_inquiry/node_modules/mongoose/lib/error/validation.js:50:26)
      at formatValue (node:internal/util/inspect:805:19)
      at formatProperty (node:internal/util/inspect:1926:11)
      at formatRaw (node:internal/util/inspect:1054:9)
      at formatValue (node:internal/util/inspect:840:10)
      at inspect (node:internal/util/inspect:364:10)
      at Format.transform (/Users/admin/Documents/Maulik/insurance/product_inquiry/node_modules/logform/pretty-print.js:27:19)
      at Format.transform (/Users/admin/Documents/Maulik/insurance/product_inquiry/node_modules/logform/combine.js:20:24)
      at DerivedLogger._transform (/Users/admin/Documents/Maulik/insurance/product_inquiry/node_modules/winston/lib/winston/logger.js:313:29)
      at Transform._read (/Users/admin/Documents/Maulik/insurance/product_inquiry/node_modules/readable-stream/lib/_stream_transform.js:166:10) {
    errors: {
      type: CastError: Cast to Number failed for value "Two" (type string) at path "type"
          at SchemaNumber.cast (/Users/admin/Documents/Maulik/insurance/product_inquiry/node_modules/mongoose/lib/schema/number.js:380:11)
          at SchemaType.applySetters (/Users/admin/Documents/Maulik/insurance/product_inquiry/node_modules/mongoose/lib/schematype.js:1219:12)
          at model.$set (/Users/admin/Documents/Maulik/insurance/product_inquiry/node_modules/mongoose/lib/document.js:1411:22)
          at model.$set (/Users/admin/Documents/Maulik/insurance/product_inquiry/node_modules/mongoose/lib/document.js:1113:16)
          at model.Document (/Users/admin/Documents/Maulik/insurance/product_inquiry/node_modules/mongoose/lib/document.js:164:12)
          at model.Model (/Users/admin/Documents/Maulik/insurance/product_inquiry/node_modules/mongoose/lib/model.js:123:12)
          at new model (/Users/admin/Documents/Maulik/insurance/product_inquiry/node_modules/mongoose/lib/model.js:4718:15)
          at exports.managerCreate (/Users/admin/Documents/Maulik/insurance/product_inquiry/src/controllers/manager.controller.js:26:22)
          at Layer.handle [as handle_request] (/Users/admin/Documents/Maulik/insurance/product_inquiry/node_modules/express/lib/router/layer.js:95:5)
          at next (/Users/admin/Documents/Maulik/insurance/product_inquiry/node_modules/express/lib/router/route.js:144:13) {
        stringValue: '"Two"',
        messageFormat: undefined,
        kind: 'Number',
        value: 'Two',
        path: 'type',
        reason: AssertionError [ERR_ASSERTION]: The expression evaluated to a falsy value:
        
          assert.ok(!isNaN(val))
        
            at castNumber (/Users/admin/Documents/Maulik/insurance/product_inquiry/node_modules/mongoose/lib/cast/number.js:27:10)
            at SchemaNumber.cast (/Users/admin/Documents/Maulik/insurance/product_inquiry/node_modules/mongoose/lib/schema/number.js:378:12)
            at SchemaType.applySetters (/Users/admin/Documents/Maulik/insurance/product_inquiry/node_modules/mongoose/lib/schematype.js:1219:12)
            at model.$set (/Users/admin/Documents/Maulik/insurance/product_inquiry/node_modules/mongoose/lib/document.js:1411:22)
            at model.$set (/Users/admin/Documents/Maulik/insurance/product_inquiry/node_modules/mongoose/lib/document.js:1113:16)
            at model.Document (/Users/admin/Documents/Maulik/insurance/product_inquiry/node_modules/mongoose/lib/document.js:164:12)
            at model.Model (/Users/admin/Documents/Maulik/insurance/product_inquiry/node_modules/mongoose/lib/model.js:123:12)
            at new model (/Users/admin/Documents/Maulik/insurance/product_inquiry/node_modules/mongoose/lib/model.js:4718:15)
            at exports.managerCreate (/Users/admin/Documents/Maulik/insurance/product_inquiry/src/controllers/manager.controller.js:26:22)
            at Layer.handle [as handle_request] (/Users/admin/Documents/Maulik/insurance/product_inquiry/node_modules/express/lib/router/layer.js:95:5) {
          generatedMessage: true,
          code: 'ERR_ASSERTION',
          actual: false,
          expected: true,
          operator: '=='
        },
        valueType: 'string'
      }
    },
    _message: 'Managers validation failed'
  },
  message: 'Managers validation failed: type: Cast to Number failed for value "Two" (type string) at path "type"',
  label: 'right meow!',
  timestamp: '2023-11-26T07:07:59.457Z'
}
{
  level: 'error',
  error: Error: Managers validation failed: type: Cast to Number failed for value "65226b68ca48442b643ff696" (type string) at path "type"
      at ValidationError.inspect (/Users/admin/Documents/Maulik/insurance/product_inquiry/node_modules/mongoose/lib/error/validation.js:50:26)
      at formatValue (node:internal/util/inspect:805:19)
      at formatProperty (node:internal/util/inspect:1926:11)
      at formatRaw (node:internal/util/inspect:1054:9)
      at formatValue (node:internal/util/inspect:840:10)
      at inspect (node:internal/util/inspect:364:10)
      at Format.transform (/Users/admin/Documents/Maulik/insurance/product_inquiry/node_modules/logform/pretty-print.js:27:19)
      at Format.transform (/Users/admin/Documents/Maulik/insurance/product_inquiry/node_modules/logform/combine.js:20:24)
      at DerivedLogger._transform (/Users/admin/Documents/Maulik/insurance/product_inquiry/node_modules/winston/lib/winston/logger.js:313:29)
      at Transform._read (/Users/admin/Documents/Maulik/insurance/product_inquiry/node_modules/readable-stream/lib/_stream_transform.js:166:10) {
    errors: {
      type: CastError: Cast to Number failed for value "65226b68ca48442b643ff696" (type string) at path "type"
          at SchemaNumber.cast (/Users/admin/Documents/Maulik/insurance/product_inquiry/node_modules/mongoose/lib/schema/number.js:380:11)
          at SchemaType.applySetters (/Users/admin/Documents/Maulik/insurance/product_inquiry/node_modules/mongoose/lib/schematype.js:1219:12)
          at model.$set (/Users/admin/Documents/Maulik/insurance/product_inquiry/node_modules/mongoose/lib/document.js:1411:22)
          at model.$set (/Users/admin/Documents/Maulik/insurance/product_inquiry/node_modules/mongoose/lib/document.js:1113:16)
          at model.Document (/Users/admin/Documents/Maulik/insurance/product_inquiry/node_modules/mongoose/lib/document.js:164:12)
          at model.Model (/Users/admin/Documents/Maulik/insurance/product_inquiry/node_modules/mongoose/lib/model.js:123:12)
          at new model (/Users/admin/Documents/Maulik/insurance/product_inquiry/node_modules/mongoose/lib/model.js:4718:15)
          at exports.managerCreate (/Users/admin/Documents/Maulik/insurance/product_inquiry/src/controllers/manager.controller.js:26:22)
          at Layer.handle [as handle_request] (/Users/admin/Documents/Maulik/insurance/product_inquiry/node_modules/express/lib/router/layer.js:95:5)
          at next (/Users/admin/Documents/Maulik/insurance/product_inquiry/node_modules/express/lib/router/route.js:144:13) {
        stringValue: '"65226b68ca48442b643ff696"',
        messageFormat: undefined,
        kind: 'Number',
        value: '65226b68ca48442b643ff696',
        path: 'type',
        reason: AssertionError [ERR_ASSERTION]: The expression evaluated to a falsy value:
        
          assert.ok(!isNaN(val))
        
            at castNumber (/Users/admin/Documents/Maulik/insurance/product_inquiry/node_modules/mongoose/lib/cast/number.js:27:10)
            at SchemaNumber.cast (/Users/admin/Documents/Maulik/insurance/product_inquiry/node_modules/mongoose/lib/schema/number.js:378:12)
            at SchemaType.applySetters (/Users/admin/Documents/Maulik/insurance/product_inquiry/node_modules/mongoose/lib/schematype.js:1219:12)
            at model.$set (/Users/admin/Documents/Maulik/insurance/product_inquiry/node_modules/mongoose/lib/document.js:1411:22)
            at model.$set (/Users/admin/Documents/Maulik/insurance/product_inquiry/node_modules/mongoose/lib/document.js:1113:16)
            at model.Document (/Users/admin/Documents/Maulik/insurance/product_inquiry/node_modules/mongoose/lib/document.js:164:12)
            at model.Model (/Users/admin/Documents/Maulik/insurance/product_inquiry/node_modules/mongoose/lib/model.js:123:12)
            at new model (/Users/admin/Documents/Maulik/insurance/product_inquiry/node_modules/mongoose/lib/model.js:4718:15)
            at exports.managerCreate (/Users/admin/Documents/Maulik/insurance/product_inquiry/src/controllers/manager.controller.js:26:22)
            at Layer.handle [as handle_request] (/Users/admin/Documents/Maulik/insurance/product_inquiry/node_modules/express/lib/router/layer.js:95:5) {
          generatedMessage: true,
          code: 'ERR_ASSERTION',
          actual: false,
          expected: true,
          operator: '=='
        },
        valueType: 'string'
      }
    },
    _message: 'Managers validation failed'
  },
  message: 'Managers validation failed: type: Cast to Number failed for value "65226b68ca48442b643ff696" (type string) at path "type"',
  label: 'right meow!',
  timestamp: '2023-11-26T07:08:52.581Z'
}
{
  level: 'error',
  error: Error: Managers validation failed: type: `65226b68ca48442b643ff696` is not a valid enum value for path `type`.
      at ValidationError.inspect (/Users/admin/Documents/Maulik/insurance/product_inquiry/node_modules/mongoose/lib/error/validation.js:50:26)
      at formatValue (node:internal/util/inspect:805:19)
      at formatProperty (node:internal/util/inspect:1926:11)
      at formatRaw (node:internal/util/inspect:1054:9)
      at formatValue (node:internal/util/inspect:840:10)
      at inspect (node:internal/util/inspect:364:10)
      at Format.transform (/Users/admin/Documents/Maulik/insurance/product_inquiry/node_modules/logform/pretty-print.js:27:19)
      at Format.transform (/Users/admin/Documents/Maulik/insurance/product_inquiry/node_modules/logform/combine.js:20:24)
      at DerivedLogger._transform (/Users/admin/Documents/Maulik/insurance/product_inquiry/node_modules/winston/lib/winston/logger.js:313:29)
      at Transform._read (/Users/admin/Documents/Maulik/insurance/product_inquiry/node_modules/readable-stream/lib/_stream_transform.js:166:10) {
    errors: {
      type: ValidatorError: `65226b68ca48442b643ff696` is not a valid enum value for path `type`.
          at validate (/Users/admin/Documents/Maulik/insurance/product_inquiry/node_modules/mongoose/lib/schematype.js:1364:13)
          at SchemaType.doValidate (/Users/admin/Documents/Maulik/insurance/product_inquiry/node_modules/mongoose/lib/schematype.js:1348:7)
          at /Users/admin/Documents/Maulik/insurance/product_inquiry/node_modules/mongoose/lib/document.js:2958:18
          at process.processTicksAndRejections (node:internal/process/task_queues:77:11) {
        properties: {
          validator: [Function (anonymous)],
          message: '`65226b68ca48442b643ff696` is not a valid enum value for path `type`.',
          type: 'enum',
          enumValues: [ '1', '2' ],
          path: 'type',
          value: '65226b68ca48442b643ff696'
        },
        kind: 'enum',
        path: 'type',
        value: '65226b68ca48442b643ff696',
        reason: undefined,
        [Symbol(mongoose:validatorError)]: true
      }
    },
    _message: 'Managers validation failed'
  },
  message: 'Managers validation failed: type: `65226b68ca48442b643ff696` is not a valid enum value for path `type`.',
  label: 'right meow!',
  timestamp: '2023-11-26T07:16:50.699Z'
}
{
  level: 'error',
  error: Error: Managers validation failed: type: `65226b68ca48442b643ff696` is not a valid enum value for path `type`.
      at ValidationError.inspect (/Users/admin/Documents/Maulik/insurance/product_inquiry/node_modules/mongoose/lib/error/validation.js:50:26)
      at formatValue (node:internal/util/inspect:805:19)
      at formatProperty (node:internal/util/inspect:1926:11)
      at formatRaw (node:internal/util/inspect:1054:9)
      at formatValue (node:internal/util/inspect:840:10)
      at inspect (node:internal/util/inspect:364:10)
      at Format.transform (/Users/admin/Documents/Maulik/insurance/product_inquiry/node_modules/logform/pretty-print.js:27:19)
      at Format.transform (/Users/admin/Documents/Maulik/insurance/product_inquiry/node_modules/logform/combine.js:20:24)
      at DerivedLogger._transform (/Users/admin/Documents/Maulik/insurance/product_inquiry/node_modules/winston/lib/winston/logger.js:313:29)
      at Transform._read (/Users/admin/Documents/Maulik/insurance/product_inquiry/node_modules/readable-stream/lib/_stream_transform.js:166:10) {
    errors: {
      type: ValidatorError: `65226b68ca48442b643ff696` is not a valid enum value for path `type`.
          at validate (/Users/admin/Documents/Maulik/insurance/product_inquiry/node_modules/mongoose/lib/schematype.js:1364:13)
          at SchemaType.doValidate (/Users/admin/Documents/Maulik/insurance/product_inquiry/node_modules/mongoose/lib/schematype.js:1348:7)
          at /Users/admin/Documents/Maulik/insurance/product_inquiry/node_modules/mongoose/lib/document.js:2958:18
          at process.processTicksAndRejections (node:internal/process/task_queues:77:11) {
        properties: {
          validator: [Function (anonymous)],
          message: '`65226b68ca48442b643ff696` is not a valid enum value for path `type`.',
          type: 'enum',
          enumValues: [ '1', '2' ],
          path: 'type',
          value: '65226b68ca48442b643ff696'
        },
        kind: 'enum',
        path: 'type',
        value: '65226b68ca48442b643ff696',
        reason: undefined,
        [Symbol(mongoose:validatorError)]: true
      }
    },
    _message: 'Managers validation failed'
  },
  message: 'Managers validation failed: type: `65226b68ca48442b643ff696` is not a valid enum value for path `type`.',
  label: 'right meow!',
  timestamp: '2023-11-26T07:17:25.526Z'
}
{
  level: 'error',
  error: Error: Managers validation failed: name: Path `name` is required., type: Path `type` is required.
      at ValidationError.inspect (/Users/admin/Documents/Maulik/insurance/product_inquiry/node_modules/mongoose/lib/error/validation.js:50:26)
      at formatValue (node:internal/util/inspect:805:19)
      at formatProperty (node:internal/util/inspect:1926:11)
      at formatRaw (node:internal/util/inspect:1054:9)
      at formatValue (node:internal/util/inspect:840:10)
      at inspect (node:internal/util/inspect:364:10)
      at Format.transform (/Users/admin/Documents/Maulik/insurance/product_inquiry/node_modules/logform/pretty-print.js:27:19)
      at Format.transform (/Users/admin/Documents/Maulik/insurance/product_inquiry/node_modules/logform/combine.js:20:24)
      at DerivedLogger._transform (/Users/admin/Documents/Maulik/insurance/product_inquiry/node_modules/winston/lib/winston/logger.js:313:29)
      at Transform._read (/Users/admin/Documents/Maulik/insurance/product_inquiry/node_modules/readable-stream/lib/_stream_transform.js:166:10) {
    errors: {
      name: ValidatorError: Path `name` is required.
          at validate (/Users/admin/Documents/Maulik/insurance/product_inquiry/node_modules/mongoose/lib/schematype.js:1364:13)
          at SchemaType.doValidate (/Users/admin/Documents/Maulik/insurance/product_inquiry/node_modules/mongoose/lib/schematype.js:1348:7)
          at /Users/admin/Documents/Maulik/insurance/product_inquiry/node_modules/mongoose/lib/document.js:2958:18
          at process.processTicksAndRejections (node:internal/process/task_queues:77:11) {
        properties: {
          validator: [Function (anonymous)],
          message: 'Path `name` is required.',
          type: 'required',
          path: 'name',
          value: undefined
        },
        kind: 'required',
        path: 'name',
        value: undefined,
        reason: undefined,
        [Symbol(mongoose:validatorError)]: true
      },
      type: ValidatorError: Path `type` is required.
          at validate (/Users/admin/Documents/Maulik/insurance/product_inquiry/node_modules/mongoose/lib/schematype.js:1364:13)
          at SchemaType.doValidate (/Users/admin/Documents/Maulik/insurance/product_inquiry/node_modules/mongoose/lib/schematype.js:1348:7)
          at /Users/admin/Documents/Maulik/insurance/product_inquiry/node_modules/mongoose/lib/document.js:2958:18
          at process.processTicksAndRejections (node:internal/process/task_queues:77:11) {
        properties: {
          validator: [Function (anonymous)],
          message: 'Path `type` is required.',
          type: 'required',
          path: 'type',
          value: undefined
        },
        kind: 'required',
        path: 'type',
        value: undefined,
        reason: undefined,
        [Symbol(mongoose:validatorError)]: true
      }
    },
    _message: 'Managers validation failed'
  },
  message: 'Managers validation failed: name: Path `name` is required., type: Path `type` is required.',
  label: 'right meow!',
  timestamp: '2023-11-26T07:41:57.775Z'
}
{
  level: 'error',
  error: Error: Managers validation failed: name: Path `name` is required., type: Path `type` is required.
      at ValidationError.inspect (/Users/admin/Documents/Maulik/insurance/product_inquiry/node_modules/mongoose/lib/error/validation.js:50:26)
      at formatValue (node:internal/util/inspect:805:19)
      at formatProperty (node:internal/util/inspect:1926:11)
      at formatRaw (node:internal/util/inspect:1054:9)
      at formatValue (node:internal/util/inspect:840:10)
      at inspect (node:internal/util/inspect:364:10)
      at Format.transform (/Users/admin/Documents/Maulik/insurance/product_inquiry/node_modules/logform/pretty-print.js:27:19)
      at Format.transform (/Users/admin/Documents/Maulik/insurance/product_inquiry/node_modules/logform/combine.js:20:24)
      at DerivedLogger._transform (/Users/admin/Documents/Maulik/insurance/product_inquiry/node_modules/winston/lib/winston/logger.js:313:29)
      at Transform._read (/Users/admin/Documents/Maulik/insurance/product_inquiry/node_modules/readable-stream/lib/_stream_transform.js:166:10) {
    errors: {
      name: ValidatorError: Path `name` is required.
          at validate (/Users/admin/Documents/Maulik/insurance/product_inquiry/node_modules/mongoose/lib/schematype.js:1364:13)
          at SchemaType.doValidate (/Users/admin/Documents/Maulik/insurance/product_inquiry/node_modules/mongoose/lib/schematype.js:1348:7)
          at /Users/admin/Documents/Maulik/insurance/product_inquiry/node_modules/mongoose/lib/document.js:2958:18
          at process.processTicksAndRejections (node:internal/process/task_queues:77:11) {
        properties: {
          validator: [Function (anonymous)],
          message: 'Path `name` is required.',
          type: 'required',
          path: 'name',
          value: undefined
        },
        kind: 'required',
        path: 'name',
        value: undefined,
        reason: undefined,
        [Symbol(mongoose:validatorError)]: true
      },
      type: ValidatorError: Path `type` is required.
          at validate (/Users/admin/Documents/Maulik/insurance/product_inquiry/node_modules/mongoose/lib/schematype.js:1364:13)
          at SchemaType.doValidate (/Users/admin/Documents/Maulik/insurance/product_inquiry/node_modules/mongoose/lib/schematype.js:1348:7)
          at /Users/admin/Documents/Maulik/insurance/product_inquiry/node_modules/mongoose/lib/document.js:2958:18
          at process.processTicksAndRejections (node:internal/process/task_queues:77:11) {
        properties: {
          validator: [Function (anonymous)],
          message: 'Path `type` is required.',
          type: 'required',
          path: 'type',
          value: undefined
        },
        kind: 'required',
        path: 'type',
        value: undefined,
        reason: undefined,
        [Symbol(mongoose:validatorError)]: true
      }
    },
    _message: 'Managers validation failed'
  },
  message: 'Managers validation failed: name: Path `name` is required., type: Path `type` is required.',
  label: 'right meow!',
  timestamp: '2023-11-26T07:42:10.459Z'
}
{
  level: 'error',
  error: Error: Managers validation failed: name: Path `name` is required., type: Path `type` is required.
      at ValidationError.inspect (/Users/admin/Documents/Maulik/insurance/product_inquiry/node_modules/mongoose/lib/error/validation.js:50:26)
      at formatValue (node:internal/util/inspect:805:19)
      at formatProperty (node:internal/util/inspect:1926:11)
      at formatRaw (node:internal/util/inspect:1054:9)
      at formatValue (node:internal/util/inspect:840:10)
      at inspect (node:internal/util/inspect:364:10)
      at Format.transform (/Users/admin/Documents/Maulik/insurance/product_inquiry/node_modules/logform/pretty-print.js:27:19)
      at Format.transform (/Users/admin/Documents/Maulik/insurance/product_inquiry/node_modules/logform/combine.js:20:24)
      at DerivedLogger._transform (/Users/admin/Documents/Maulik/insurance/product_inquiry/node_modules/winston/lib/winston/logger.js:313:29)
      at Transform._read (/Users/admin/Documents/Maulik/insurance/product_inquiry/node_modules/readable-stream/lib/_stream_transform.js:166:10) {
    errors: {
      name: ValidatorError: Path `name` is required.
          at validate (/Users/admin/Documents/Maulik/insurance/product_inquiry/node_modules/mongoose/lib/schematype.js:1364:13)
          at SchemaType.doValidate (/Users/admin/Documents/Maulik/insurance/product_inquiry/node_modules/mongoose/lib/schematype.js:1348:7)
          at /Users/admin/Documents/Maulik/insurance/product_inquiry/node_modules/mongoose/lib/document.js:2958:18
          at process.processTicksAndRejections (node:internal/process/task_queues:77:11) {
        properties: {
          validator: [Function (anonymous)],
          message: 'Path `name` is required.',
          type: 'required',
          path: 'name',
          value: undefined
        },
        kind: 'required',
        path: 'name',
        value: undefined,
        reason: undefined,
        [Symbol(mongoose:validatorError)]: true
      },
      type: ValidatorError: Path `type` is required.
          at validate (/Users/admin/Documents/Maulik/insurance/product_inquiry/node_modules/mongoose/lib/schematype.js:1364:13)
          at SchemaType.doValidate (/Users/admin/Documents/Maulik/insurance/product_inquiry/node_modules/mongoose/lib/schematype.js:1348:7)
          at /Users/admin/Documents/Maulik/insurance/product_inquiry/node_modules/mongoose/lib/document.js:2958:18
          at process.processTicksAndRejections (node:internal/process/task_queues:77:11) {
        properties: {
          validator: [Function (anonymous)],
          message: 'Path `type` is required.',
          type: 'required',
          path: 'type',
          value: undefined
        },
        kind: 'required',
        path: 'type',
        value: undefined,
        reason: undefined,
        [Symbol(mongoose:validatorError)]: true
      }
    },
    _message: 'Managers validation failed'
  },
  message: 'Managers validation failed: name: Path `name` is required., type: Path `type` is required.',
  label: 'right meow!',
  timestamp: '2023-11-26T07:42:44.783Z'
}
{
  level: 'error',
  message: 'Parameter "filter" to findOne() must be an object, got "6562ea8d291781d7d1c64c55" (type string)',
  error: ObjectParameterError: Parameter "filter" to findOne() must be an object, got "6562ea8d291781d7d1c64c55" (type string)
      at Query.findOne (/Users/admin/Documents/Maulik/insurance/product_inquiry/node_modules/mongoose/lib/query.js:2598:16)
      at Function.findOne (/Users/admin/Documents/Maulik/insurance/product_inquiry/node_modules/mongoose/lib/model.js:2191:13)
      at exports.getSchemeById (/Users/admin/Documents/Maulik/insurance/product_inquiry/src/controllers/scheme.controller.js:62:12)
      at Layer.handle [as handle_request] (/Users/admin/Documents/Maulik/insurance/product_inquiry/node_modules/express/lib/router/layer.js:95:5)
      at next (/Users/admin/Documents/Maulik/insurance/product_inquiry/node_modules/express/lib/router/route.js:144:13)
      at /Users/admin/Documents/Maulik/insurance/product_inquiry/src/middleware/auth.js:35:5
      at /Users/admin/Documents/Maulik/insurance/product_inquiry/node_modules/jsonwebtoken/verify.js:261:12
      at getSecret (/Users/admin/Documents/Maulik/insurance/product_inquiry/node_modules/jsonwebtoken/verify.js:97:14)
      at module.exports [as verify] (/Users/admin/Documents/Maulik/insurance/product_inquiry/node_modules/jsonwebtoken/verify.js:101:10)
      at exports.authenticateSuperAdmin (/Users/admin/Documents/Maulik/insurance/product_inquiry/src/middleware/auth.js:29:7),
  label: 'right meow!',
  timestamp: '2023-11-26T09:31:12.140Z'
}
