{
  level: 'error',
  error: Error: Managers validation failed: name: Path `name` is required., type: Path `type` is required.
      at ValidationError.inspect (/Users/admin/Documents/Maulik/insurance/product_inquiry/node_modules/mongoose/lib/error/validation.js:50:26)
      at formatValue (node:internal/util/inspect:805:19)
      at formatProperty (node:internal/util/inspect:1926:11)
      at formatRaw (node:internal/util/inspect:1054:9)
      at formatValue (node:internal/util/inspect:840:10)
      at inspect (node:internal/util/inspect:364:10)
      at Format.transform (/Users/admin/Documents/Maulik/insurance/product_inquiry/node_modules/logform/pretty-print.js:27:19)
      at Format.transform (/Users/admin/Documents/Maulik/insurance/product_inquiry/node_modules/logform/combine.js:20:24)
      at DerivedLogger._transform (/Users/admin/Documents/Maulik/insurance/product_inquiry/node_modules/winston/lib/winston/logger.js:313:29)
      at Transform._read (/Users/admin/Documents/Maulik/insurance/product_inquiry/node_modules/readable-stream/lib/_stream_transform.js:166:10) {
    errors: {
      name: ValidatorError: Path `name` is required.
          at validate (/Users/admin/Documents/Maulik/insurance/product_inquiry/node_modules/mongoose/lib/schematype.js:1364:13)
          at SchemaType.doValidate (/Users/admin/Documents/Maulik/insurance/product_inquiry/node_modules/mongoose/lib/schematype.js:1348:7)
          at /Users/admin/Documents/Maulik/insurance/product_inquiry/node_modules/mongoose/lib/document.js:2958:18
          at process.processTicksAndRejections (node:internal/process/task_queues:77:11) {
        properties: {
          validator: [Function (anonymous)],
          message: 'Path `name` is required.',
          type: 'required',
          path: 'name',
          value: undefined
        },
        kind: 'required',
        path: 'name',
        value: undefined,
        reason: undefined,
        [Symbol(mongoose:validatorError)]: true
      },
      type: ValidatorError: Path `type` is required.
          at validate (/Users/admin/Documents/Maulik/insurance/product_inquiry/node_modules/mongoose/lib/schematype.js:1364:13)
          at SchemaType.doValidate (/Users/admin/Documents/Maulik/insurance/product_inquiry/node_modules/mongoose/lib/schematype.js:1348:7)
          at /Users/admin/Documents/Maulik/insurance/product_inquiry/node_modules/mongoose/lib/document.js:2958:18
          at process.processTicksAndRejections (node:internal/process/task_queues:77:11) {
        properties: {
          validator: [Function (anonymous)],
          message: 'Path `type` is required.',
          type: 'required',
          path: 'type',
          value: undefined
        },
        kind: 'required',
        path: 'type',
        value: undefined,
        reason: undefined,
        [Symbol(mongoose:validatorError)]: true
      }
    },
    _message: 'Managers validation failed'
  },
  message: 'Managers validation failed: name: Path `name` is required., type: Path `type` is required.',
  label: 'right meow!',
  timestamp: '2023-11-27T06:05:20.743Z'
}
{
  level: 'error',
  error: Error: Managers validation failed: name: Path `name` is required., type: Path `type` is required.
      at ValidationError.inspect (/Users/admin/Documents/Maulik/insurance/product_inquiry/node_modules/mongoose/lib/error/validation.js:50:26)
      at formatValue (node:internal/util/inspect:805:19)
      at formatProperty (node:internal/util/inspect:1926:11)
      at formatRaw (node:internal/util/inspect:1054:9)
      at formatValue (node:internal/util/inspect:840:10)
      at inspect (node:internal/util/inspect:364:10)
      at Format.transform (/Users/admin/Documents/Maulik/insurance/product_inquiry/node_modules/logform/pretty-print.js:27:19)
      at Format.transform (/Users/admin/Documents/Maulik/insurance/product_inquiry/node_modules/logform/combine.js:20:24)
      at DerivedLogger._transform (/Users/admin/Documents/Maulik/insurance/product_inquiry/node_modules/winston/lib/winston/logger.js:313:29)
      at Transform._read (/Users/admin/Documents/Maulik/insurance/product_inquiry/node_modules/readable-stream/lib/_stream_transform.js:166:10) {
    errors: {
      name: ValidatorError: Path `name` is required.
          at validate (/Users/admin/Documents/Maulik/insurance/product_inquiry/node_modules/mongoose/lib/schematype.js:1364:13)
          at SchemaType.doValidate (/Users/admin/Documents/Maulik/insurance/product_inquiry/node_modules/mongoose/lib/schematype.js:1348:7)
          at /Users/admin/Documents/Maulik/insurance/product_inquiry/node_modules/mongoose/lib/document.js:2958:18
          at process.processTicksAndRejections (node:internal/process/task_queues:77:11) {
        properties: {
          validator: [Function (anonymous)],
          message: 'Path `name` is required.',
          type: 'required',
          path: 'name',
          value: undefined
        },
        kind: 'required',
        path: 'name',
        value: undefined,
        reason: undefined,
        [Symbol(mongoose:validatorError)]: true
      },
      type: ValidatorError: Path `type` is required.
          at validate (/Users/admin/Documents/Maulik/insurance/product_inquiry/node_modules/mongoose/lib/schematype.js:1364:13)
          at SchemaType.doValidate (/Users/admin/Documents/Maulik/insurance/product_inquiry/node_modules/mongoose/lib/schematype.js:1348:7)
          at /Users/admin/Documents/Maulik/insurance/product_inquiry/node_modules/mongoose/lib/document.js:2958:18
          at process.processTicksAndRejections (node:internal/process/task_queues:77:11) {
        properties: {
          validator: [Function (anonymous)],
          message: 'Path `type` is required.',
          type: 'required',
          path: 'type',
          value: undefined
        },
        kind: 'required',
        path: 'type',
        value: undefined,
        reason: undefined,
        [Symbol(mongoose:validatorError)]: true
      }
    },
    _message: 'Managers validation failed'
  },
  message: 'Managers validation failed: name: Path `name` is required., type: Path `type` is required.',
  label: 'right meow!',
  timestamp: '2023-11-27T06:05:23.678Z'
}
{
  level: 'error',
  error: Error: Managers validation failed: name: Path `name` is required., type: Path `type` is required.
      at ValidationError.inspect (/Users/admin/Documents/Maulik/insurance/product_inquiry/node_modules/mongoose/lib/error/validation.js:50:26)
      at formatValue (node:internal/util/inspect:805:19)
      at formatProperty (node:internal/util/inspect:1926:11)
      at formatRaw (node:internal/util/inspect:1054:9)
      at formatValue (node:internal/util/inspect:840:10)
      at inspect (node:internal/util/inspect:364:10)
      at Format.transform (/Users/admin/Documents/Maulik/insurance/product_inquiry/node_modules/logform/pretty-print.js:27:19)
      at Format.transform (/Users/admin/Documents/Maulik/insurance/product_inquiry/node_modules/logform/combine.js:20:24)
      at DerivedLogger._transform (/Users/admin/Documents/Maulik/insurance/product_inquiry/node_modules/winston/lib/winston/logger.js:313:29)
      at Transform._read (/Users/admin/Documents/Maulik/insurance/product_inquiry/node_modules/readable-stream/lib/_stream_transform.js:166:10) {
    errors: {
      name: ValidatorError: Path `name` is required.
          at validate (/Users/admin/Documents/Maulik/insurance/product_inquiry/node_modules/mongoose/lib/schematype.js:1364:13)
          at SchemaType.doValidate (/Users/admin/Documents/Maulik/insurance/product_inquiry/node_modules/mongoose/lib/schematype.js:1348:7)
          at /Users/admin/Documents/Maulik/insurance/product_inquiry/node_modules/mongoose/lib/document.js:2958:18
          at process.processTicksAndRejections (node:internal/process/task_queues:77:11) {
        properties: {
          validator: [Function (anonymous)],
          message: 'Path `name` is required.',
          type: 'required',
          path: 'name',
          value: undefined
        },
        kind: 'required',
        path: 'name',
        value: undefined,
        reason: undefined,
        [Symbol(mongoose:validatorError)]: true
      },
      type: ValidatorError: Path `type` is required.
          at validate (/Users/admin/Documents/Maulik/insurance/product_inquiry/node_modules/mongoose/lib/schematype.js:1364:13)
          at SchemaType.doValidate (/Users/admin/Documents/Maulik/insurance/product_inquiry/node_modules/mongoose/lib/schematype.js:1348:7)
          at /Users/admin/Documents/Maulik/insurance/product_inquiry/node_modules/mongoose/lib/document.js:2958:18
          at process.processTicksAndRejections (node:internal/process/task_queues:77:11) {
        properties: {
          validator: [Function (anonymous)],
          message: 'Path `type` is required.',
          type: 'required',
          path: 'type',
          value: undefined
        },
        kind: 'required',
        path: 'type',
        value: undefined,
        reason: undefined,
        [Symbol(mongoose:validatorError)]: true
      }
    },
    _message: 'Managers validation failed'
  },
  message: 'Managers validation failed: name: Path `name` is required., type: Path `type` is required.',
  label: 'right meow!',
  timestamp: '2023-11-27T06:05:30.116Z'
}
