{
  level: 'error',
  message: 'Cast to ObjectId failed for value "undefined" (type string) at path "_id" for model "policy"',
  error: CastError: Cast to ObjectId failed for value "undefined" (type string) at path "_id" for model "policy"
      at ObjectId.cast (/Users/admin/Documents/Maulik/insurance/product_inquiry/node_modules/mongoose/lib/schema/objectid.js:250:11)
      at SchemaType.applySetters (/Users/admin/Documents/Maulik/insurance/product_inquiry/node_modules/mongoose/lib/schematype.js:1219:12)
      at SchemaType.castForQuery (/Users/admin/Documents/Maulik/insurance/product_inquiry/node_modules/mongoose/lib/schematype.js:1631:15)
      at cast (/Users/admin/Documents/Maulik/insurance/product_inquiry/node_modules/mongoose/lib/cast.js:375:32)
      at Query.cast (/Users/admin/Documents/Maulik/insurance/product_inquiry/node_modules/mongoose/lib/query.js:4910:12)
      at Query._castConditions (/Users/admin/Documents/Maulik/insurance/product_inquiry/node_modules/mongoose/lib/query.js:2232:10)
      at model.Query._findOne (/Users/admin/Documents/Maulik/insurance/product_inquiry/node_modules/mongoose/lib/query.js:2519:8)
      at model.Query.exec (/Users/admin/Documents/Maulik/insurance/product_inquiry/node_modules/mongoose/lib/query.js:4430:28)
      at process.processTicksAndRejections (node:internal/process/task_queues:95:5) {
    stringValue: '"undefined"',
    messageFormat: undefined,
    kind: 'ObjectId',
    value: 'undefined',
    path: '_id',
    reason: BSONError: Argument passed in must be a string of 12 bytes or a string of 24 hex characters or an integer
        at new ObjectId (/Users/admin/Documents/Maulik/insurance/product_inquiry/node_modules/bson/lib/bson.cjs:2055:23)
        at castObjectId (/Users/admin/Documents/Maulik/insurance/product_inquiry/node_modules/mongoose/lib/cast/objectid.js:25:12)
        at ObjectId.cast (/Users/admin/Documents/Maulik/insurance/product_inquiry/node_modules/mongoose/lib/schema/objectid.js:248:12)
        at SchemaType.applySetters (/Users/admin/Documents/Maulik/insurance/product_inquiry/node_modules/mongoose/lib/schematype.js:1219:12)
        at SchemaType.castForQuery (/Users/admin/Documents/Maulik/insurance/product_inquiry/node_modules/mongoose/lib/schematype.js:1631:15)
        at cast (/Users/admin/Documents/Maulik/insurance/product_inquiry/node_modules/mongoose/lib/cast.js:375:32)
        at Query.cast (/Users/admin/Documents/Maulik/insurance/product_inquiry/node_modules/mongoose/lib/query.js:4910:12)
        at Query._castConditions (/Users/admin/Documents/Maulik/insurance/product_inquiry/node_modules/mongoose/lib/query.js:2232:10)
        at model.Query._findOne (/Users/admin/Documents/Maulik/insurance/product_inquiry/node_modules/mongoose/lib/query.js:2519:8)
        at model.Query.exec (/Users/admin/Documents/Maulik/insurance/product_inquiry/node_modules/mongoose/lib/query.js:4430:28),
    valueType: 'string',
    model: Model { policy }
  },
  label: 'right meow!',
  timestamp: '2023-12-03T14:31:07.836Z'
}
{
  level: 'error',
  message: 'Cast to ObjectId failed for value "undefined" (type string) at path "_id" for model "schemes"',
  error: CastError: Cast to ObjectId failed for value "undefined" (type string) at path "_id" for model "schemes"
      at ObjectId.cast (/Users/admin/Documents/Maulik/insurance/product_inquiry/node_modules/mongoose/lib/schema/objectid.js:250:11)
      at SchemaType.applySetters (/Users/admin/Documents/Maulik/insurance/product_inquiry/node_modules/mongoose/lib/schematype.js:1219:12)
      at SchemaType.castForQuery (/Users/admin/Documents/Maulik/insurance/product_inquiry/node_modules/mongoose/lib/schematype.js:1631:15)
      at cast (/Users/admin/Documents/Maulik/insurance/product_inquiry/node_modules/mongoose/lib/cast.js:375:32)
      at Query.cast (/Users/admin/Documents/Maulik/insurance/product_inquiry/node_modules/mongoose/lib/query.js:4910:12)
      at Query._castConditions (/Users/admin/Documents/Maulik/insurance/product_inquiry/node_modules/mongoose/lib/query.js:2232:10)
      at model.Query._findOne (/Users/admin/Documents/Maulik/insurance/product_inquiry/node_modules/mongoose/lib/query.js:2519:8)
      at model.Query.exec (/Users/admin/Documents/Maulik/insurance/product_inquiry/node_modules/mongoose/lib/query.js:4430:28)
      at process.processTicksAndRejections (node:internal/process/task_queues:95:5) {
    stringValue: '"undefined"',
    messageFormat: undefined,
    kind: 'ObjectId',
    value: 'undefined',
    path: '_id',
    reason: BSONError: Argument passed in must be a string of 12 bytes or a string of 24 hex characters or an integer
        at new ObjectId (/Users/admin/Documents/Maulik/insurance/product_inquiry/node_modules/bson/lib/bson.cjs:2055:23)
        at castObjectId (/Users/admin/Documents/Maulik/insurance/product_inquiry/node_modules/mongoose/lib/cast/objectid.js:25:12)
        at ObjectId.cast (/Users/admin/Documents/Maulik/insurance/product_inquiry/node_modules/mongoose/lib/schema/objectid.js:248:12)
        at SchemaType.applySetters (/Users/admin/Documents/Maulik/insurance/product_inquiry/node_modules/mongoose/lib/schematype.js:1219:12)
        at SchemaType.castForQuery (/Users/admin/Documents/Maulik/insurance/product_inquiry/node_modules/mongoose/lib/schematype.js:1631:15)
        at cast (/Users/admin/Documents/Maulik/insurance/product_inquiry/node_modules/mongoose/lib/cast.js:375:32)
        at Query.cast (/Users/admin/Documents/Maulik/insurance/product_inquiry/node_modules/mongoose/lib/query.js:4910:12)
        at Query._castConditions (/Users/admin/Documents/Maulik/insurance/product_inquiry/node_modules/mongoose/lib/query.js:2232:10)
        at model.Query._findOne (/Users/admin/Documents/Maulik/insurance/product_inquiry/node_modules/mongoose/lib/query.js:2519:8)
        at model.Query.exec (/Users/admin/Documents/Maulik/insurance/product_inquiry/node_modules/mongoose/lib/query.js:4430:28),
    valueType: 'string',
    model: Model { schemes }
  },
  label: 'right meow!',
  timestamp: '2023-12-03T14:31:07.851Z'
}
{
  level: 'error',
  message: 'Cannot populate path `scheme` because it is not in your schema. Set the `strictPopulate` option to false to override.',
  error: StrictPopulateError: Cannot populate path `scheme` because it is not in your schema. Set the `strictPopulate` option to false to override.
      at getModelsMapForPopulate (/Users/admin/Documents/Maulik/insurance/product_inquiry/node_modules/mongoose/lib/helpers/populate/getModelsMapForPopulate.js:49:12)
      at populate (/Users/admin/Documents/Maulik/insurance/product_inquiry/node_modules/mongoose/lib/model.js:4354:21)
      at _populate (/Users/admin/Documents/Maulik/insurance/product_inquiry/node_modules/mongoose/lib/model.js:4314:5)
      at /Users/admin/Documents/Maulik/insurance/product_inquiry/node_modules/mongoose/lib/model.js:4286:5
      at new Promise (<anonymous>)
      at Function.populate (/Users/admin/Documents/Maulik/insurance/product_inquiry/node_modules/mongoose/lib/model.js:4285:10)
      at model.Query._find (/Users/admin/Documents/Maulik/insurance/product_inquiry/node_modules/mongoose/lib/query.js:2316:20)
      at process.processTicksAndRejections (node:internal/process/task_queues:95:5)
      at async model.Query.exec (/Users/admin/Documents/Maulik/insurance/product_inquiry/node_modules/mongoose/lib/query.js:4430:11) {
    path: 'scheme'
  },
  label: 'right meow!',
  timestamp: '2023-12-03T15:00:36.062Z'
}
{
  level: 'error',
  message: 'Cannot populate path `scheme` because it is not in your schema. Set the `strictPopulate` option to false to override.',
  error: StrictPopulateError: Cannot populate path `scheme` because it is not in your schema. Set the `strictPopulate` option to false to override.
      at getModelsMapForPopulate (/Users/admin/Documents/Maulik/insurance/product_inquiry/node_modules/mongoose/lib/helpers/populate/getModelsMapForPopulate.js:49:12)
      at populate (/Users/admin/Documents/Maulik/insurance/product_inquiry/node_modules/mongoose/lib/model.js:4354:21)
      at _populate (/Users/admin/Documents/Maulik/insurance/product_inquiry/node_modules/mongoose/lib/model.js:4314:5)
      at /Users/admin/Documents/Maulik/insurance/product_inquiry/node_modules/mongoose/lib/model.js:4286:5
      at new Promise (<anonymous>)
      at Function.populate (/Users/admin/Documents/Maulik/insurance/product_inquiry/node_modules/mongoose/lib/model.js:4285:10)
      at model.Query._find (/Users/admin/Documents/Maulik/insurance/product_inquiry/node_modules/mongoose/lib/query.js:2316:20)
      at process.processTicksAndRejections (node:internal/process/task_queues:95:5)
      at async model.Query.exec (/Users/admin/Documents/Maulik/insurance/product_inquiry/node_modules/mongoose/lib/query.js:4430:11) {
    path: 'scheme'
  },
  label: 'right meow!',
  timestamp: '2023-12-03T15:01:43.035Z'
}
{
  level: 'error',
  message: `Schema hasn't been registered for model "managers".\n` +
    'Use mongoose.model(name, schema)',
  error: MissingSchemaError: Schema hasn't been registered for model "managers".
  Use mongoose.model(name, schema)
      at Connection.model (/Users/admin/Documents/Maulik/insurance/product_inquiry/node_modules/mongoose/lib/connection.js:1125:13)
      at _getModelFromConn (/Users/admin/Documents/Maulik/insurance/product_inquiry/node_modules/mongoose/lib/helpers/populate/getModelsMapForPopulate.js:581:15)
      at addModelNamesToMap (/Users/admin/Documents/Maulik/insurance/product_inquiry/node_modules/mongoose/lib/helpers/populate/getModelsMapForPopulate.js:508:17)
      at getModelsMapForPopulate (/Users/admin/Documents/Maulik/insurance/product_inquiry/node_modules/mongoose/lib/helpers/populate/getModelsMapForPopulate.js:199:7)
      at populate (/Users/admin/Documents/Maulik/insurance/product_inquiry/node_modules/mongoose/lib/model.js:4354:21)
      at _populate (/Users/admin/Documents/Maulik/insurance/product_inquiry/node_modules/mongoose/lib/model.js:4314:5)
      at /Users/admin/Documents/Maulik/insurance/product_inquiry/node_modules/mongoose/lib/model.js:4286:5
      at new Promise (<anonymous>)
      at Function.populate (/Users/admin/Documents/Maulik/insurance/product_inquiry/node_modules/mongoose/lib/model.js:4285:10)
      at model.Query._find (/Users/admin/Documents/Maulik/insurance/product_inquiry/node_modules/mongoose/lib/query.js:2316:20),
  label: 'right meow!',
  timestamp: '2023-12-03T16:42:39.031Z'
}
{
  level: 'error',
  message: `Schema hasn't been registered for model "managers".\n` +
    'Use mongoose.model(name, schema)',
  error: MissingSchemaError: Schema hasn't been registered for model "managers".
  Use mongoose.model(name, schema)
      at Connection.model (/Users/admin/Documents/Maulik/insurance/product_inquiry/node_modules/mongoose/lib/connection.js:1125:13)
      at _getModelFromConn (/Users/admin/Documents/Maulik/insurance/product_inquiry/node_modules/mongoose/lib/helpers/populate/getModelsMapForPopulate.js:581:15)
      at addModelNamesToMap (/Users/admin/Documents/Maulik/insurance/product_inquiry/node_modules/mongoose/lib/helpers/populate/getModelsMapForPopulate.js:508:17)
      at getModelsMapForPopulate (/Users/admin/Documents/Maulik/insurance/product_inquiry/node_modules/mongoose/lib/helpers/populate/getModelsMapForPopulate.js:199:7)
      at populate (/Users/admin/Documents/Maulik/insurance/product_inquiry/node_modules/mongoose/lib/model.js:4354:21)
      at _populate (/Users/admin/Documents/Maulik/insurance/product_inquiry/node_modules/mongoose/lib/model.js:4314:5)
      at /Users/admin/Documents/Maulik/insurance/product_inquiry/node_modules/mongoose/lib/model.js:4286:5
      at new Promise (<anonymous>)
      at Function.populate (/Users/admin/Documents/Maulik/insurance/product_inquiry/node_modules/mongoose/lib/model.js:4285:10)
      at model.Query._find (/Users/admin/Documents/Maulik/insurance/product_inquiry/node_modules/mongoose/lib/query.js:2316:20),
  label: 'right meow!',
  timestamp: '2023-12-03T16:42:44.550Z'
}
{
  level: 'error',
  message: `Schema hasn't been registered for model "managers".\n` +
    'Use mongoose.model(name, schema)',
  error: MissingSchemaError: Schema hasn't been registered for model "managers".
  Use mongoose.model(name, schema)
      at Connection.model (/Users/admin/Documents/Maulik/insurance/product_inquiry/node_modules/mongoose/lib/connection.js:1125:13)
      at _getModelFromConn (/Users/admin/Documents/Maulik/insurance/product_inquiry/node_modules/mongoose/lib/helpers/populate/getModelsMapForPopulate.js:581:15)
      at addModelNamesToMap (/Users/admin/Documents/Maulik/insurance/product_inquiry/node_modules/mongoose/lib/helpers/populate/getModelsMapForPopulate.js:508:17)
      at getModelsMapForPopulate (/Users/admin/Documents/Maulik/insurance/product_inquiry/node_modules/mongoose/lib/helpers/populate/getModelsMapForPopulate.js:199:7)
      at populate (/Users/admin/Documents/Maulik/insurance/product_inquiry/node_modules/mongoose/lib/model.js:4354:21)
      at _populate (/Users/admin/Documents/Maulik/insurance/product_inquiry/node_modules/mongoose/lib/model.js:4314:5)
      at /Users/admin/Documents/Maulik/insurance/product_inquiry/node_modules/mongoose/lib/model.js:4286:5
      at new Promise (<anonymous>)
      at Function.populate (/Users/admin/Documents/Maulik/insurance/product_inquiry/node_modules/mongoose/lib/model.js:4285:10)
      at model.Query._find (/Users/admin/Documents/Maulik/insurance/product_inquiry/node_modules/mongoose/lib/query.js:2316:20),
  label: 'right meow!',
  timestamp: '2023-12-03T16:42:47.296Z'
}
{
  level: 'error',
  message: 'Cannot populate path `Managers` because it is not in your schema. Set the `strictPopulate` option to false to override.',
  error: StrictPopulateError: Cannot populate path `Managers` because it is not in your schema. Set the `strictPopulate` option to false to override.
      at getModelsMapForPopulate (/Users/admin/Documents/Maulik/insurance/product_inquiry/node_modules/mongoose/lib/helpers/populate/getModelsMapForPopulate.js:49:12)
      at populate (/Users/admin/Documents/Maulik/insurance/product_inquiry/node_modules/mongoose/lib/model.js:4354:21)
      at _populate (/Users/admin/Documents/Maulik/insurance/product_inquiry/node_modules/mongoose/lib/model.js:4314:5)
      at /Users/admin/Documents/Maulik/insurance/product_inquiry/node_modules/mongoose/lib/model.js:4286:5
      at new Promise (<anonymous>)
      at Function.populate (/Users/admin/Documents/Maulik/insurance/product_inquiry/node_modules/mongoose/lib/model.js:4285:10)
      at model.Query._find (/Users/admin/Documents/Maulik/insurance/product_inquiry/node_modules/mongoose/lib/query.js:2316:20)
      at process.processTicksAndRejections (node:internal/process/task_queues:95:5)
      at async model.Query.exec (/Users/admin/Documents/Maulik/insurance/product_inquiry/node_modules/mongoose/lib/query.js:4430:11) {
    path: 'Managers'
  },
  label: 'right meow!',
  timestamp: '2023-12-03T16:43:22.449Z'
}
{
  level: 'error',
  message: 'Cannot populate path `managers` because it is not in your schema. Set the `strictPopulate` option to false to override.',
  error: StrictPopulateError: Cannot populate path `managers` because it is not in your schema. Set the `strictPopulate` option to false to override.
      at getModelsMapForPopulate (/Users/admin/Documents/Maulik/insurance/product_inquiry/node_modules/mongoose/lib/helpers/populate/getModelsMapForPopulate.js:49:12)
      at populate (/Users/admin/Documents/Maulik/insurance/product_inquiry/node_modules/mongoose/lib/model.js:4354:21)
      at _populate (/Users/admin/Documents/Maulik/insurance/product_inquiry/node_modules/mongoose/lib/model.js:4314:5)
      at /Users/admin/Documents/Maulik/insurance/product_inquiry/node_modules/mongoose/lib/model.js:4286:5
      at new Promise (<anonymous>)
      at Function.populate (/Users/admin/Documents/Maulik/insurance/product_inquiry/node_modules/mongoose/lib/model.js:4285:10)
      at model.Query._find (/Users/admin/Documents/Maulik/insurance/product_inquiry/node_modules/mongoose/lib/query.js:2316:20)
      at process.processTicksAndRejections (node:internal/process/task_queues:95:5)
      at async model.Query.exec (/Users/admin/Documents/Maulik/insurance/product_inquiry/node_modules/mongoose/lib/query.js:4430:11) {
    path: 'managers'
  },
  label: 'right meow!',
  timestamp: '2023-12-03T16:44:07.705Z'
}
{
  level: 'error',
  message: 'Cannot populate path `area_manager` because it is not in your schema. Set the `strictPopulate` option to false to override.',
  error: StrictPopulateError: Cannot populate path `area_manager` because it is not in your schema. Set the `strictPopulate` option to false to override.
      at getModelsMapForPopulate (/Users/admin/Documents/Maulik/insurance/product_inquiry/node_modules/mongoose/lib/helpers/populate/getModelsMapForPopulate.js:49:12)
      at populate (/Users/admin/Documents/Maulik/insurance/product_inquiry/node_modules/mongoose/lib/model.js:4354:21)
      at _populate (/Users/admin/Documents/Maulik/insurance/product_inquiry/node_modules/mongoose/lib/model.js:4314:5)
      at /Users/admin/Documents/Maulik/insurance/product_inquiry/node_modules/mongoose/lib/model.js:4286:5
      at new Promise (<anonymous>)
      at Function.populate (/Users/admin/Documents/Maulik/insurance/product_inquiry/node_modules/mongoose/lib/model.js:4285:10)
      at model.Query._find (/Users/admin/Documents/Maulik/insurance/product_inquiry/node_modules/mongoose/lib/query.js:2316:20)
      at process.processTicksAndRejections (node:internal/process/task_queues:95:5)
      at async model.Query.exec (/Users/admin/Documents/Maulik/insurance/product_inquiry/node_modules/mongoose/lib/query.js:4430:11) {
    path: 'area_manager'
  },
  label: 'right meow!',
  timestamp: '2023-12-03T18:07:45.571Z'
}
{
  level: 'error',
  message: 'Cannot populate path `schemes` because it is not in your schema. Set the `strictPopulate` option to false to override.',
  error: StrictPopulateError: Cannot populate path `schemes` because it is not in your schema. Set the `strictPopulate` option to false to override.
      at getModelsMapForPopulate (/Users/admin/Documents/Maulik/insurance/product_inquiry/node_modules/mongoose/lib/helpers/populate/getModelsMapForPopulate.js:49:12)
      at populate (/Users/admin/Documents/Maulik/insurance/product_inquiry/node_modules/mongoose/lib/model.js:4354:21)
      at _populate (/Users/admin/Documents/Maulik/insurance/product_inquiry/node_modules/mongoose/lib/model.js:4314:5)
      at /Users/admin/Documents/Maulik/insurance/product_inquiry/node_modules/mongoose/lib/model.js:4286:5
      at new Promise (<anonymous>)
      at Function.populate (/Users/admin/Documents/Maulik/insurance/product_inquiry/node_modules/mongoose/lib/model.js:4285:10)
      at model.Query._find (/Users/admin/Documents/Maulik/insurance/product_inquiry/node_modules/mongoose/lib/query.js:2316:20)
      at process.processTicksAndRejections (node:internal/process/task_queues:95:5)
      at async model.Query.exec (/Users/admin/Documents/Maulik/insurance/product_inquiry/node_modules/mongoose/lib/query.js:4430:11) {
    path: 'schemes'
  },
  label: 'right meow!',
  timestamp: '2023-12-03T18:08:10.944Z'
}
{
  level: 'error',
  message: `Schema hasn't been registered for model "vehicle_type".\n` +
    'Use mongoose.model(name, schema)',
  error: MissingSchemaError: Schema hasn't been registered for model "vehicle_type".
  Use mongoose.model(name, schema)
      at Connection.model (/Users/admin/Documents/Maulik/insurance/product_inquiry/node_modules/mongoose/lib/connection.js:1125:13)
      at _getModelFromConn (/Users/admin/Documents/Maulik/insurance/product_inquiry/node_modules/mongoose/lib/helpers/populate/getModelsMapForPopulate.js:581:15)
      at addModelNamesToMap (/Users/admin/Documents/Maulik/insurance/product_inquiry/node_modules/mongoose/lib/helpers/populate/getModelsMapForPopulate.js:508:17)
      at getModelsMapForPopulate (/Users/admin/Documents/Maulik/insurance/product_inquiry/node_modules/mongoose/lib/helpers/populate/getModelsMapForPopulate.js:199:7)
      at populate (/Users/admin/Documents/Maulik/insurance/product_inquiry/node_modules/mongoose/lib/model.js:4354:21)
      at _populate (/Users/admin/Documents/Maulik/insurance/product_inquiry/node_modules/mongoose/lib/model.js:4314:5)
      at /Users/admin/Documents/Maulik/insurance/product_inquiry/node_modules/mongoose/lib/model.js:4286:5
      at new Promise (<anonymous>)
      at Function.populate (/Users/admin/Documents/Maulik/insurance/product_inquiry/node_modules/mongoose/lib/model.js:4285:10)
      at model.Query._find (/Users/admin/Documents/Maulik/insurance/product_inquiry/node_modules/mongoose/lib/query.js:2316:20),
  label: 'right meow!',
  timestamp: '2023-12-03T18:13:34.138Z'
}
{
  level: 'error',
  message: `Schema hasn't been registered for model "Managers".\n` +
    'Use mongoose.model(name, schema)',
  error: MissingSchemaError: Schema hasn't been registered for model "Managers".
  Use mongoose.model(name, schema)
      at Connection.model (/Users/admin/Documents/Maulik/insurance/product_inquiry/node_modules/mongoose/lib/connection.js:1125:13)
      at _getModelFromConn (/Users/admin/Documents/Maulik/insurance/product_inquiry/node_modules/mongoose/lib/helpers/populate/getModelsMapForPopulate.js:581:15)
      at addModelNamesToMap (/Users/admin/Documents/Maulik/insurance/product_inquiry/node_modules/mongoose/lib/helpers/populate/getModelsMapForPopulate.js:508:17)
      at getModelsMapForPopulate (/Users/admin/Documents/Maulik/insurance/product_inquiry/node_modules/mongoose/lib/helpers/populate/getModelsMapForPopulate.js:199:7)
      at populate (/Users/admin/Documents/Maulik/insurance/product_inquiry/node_modules/mongoose/lib/model.js:4354:21)
      at _populate (/Users/admin/Documents/Maulik/insurance/product_inquiry/node_modules/mongoose/lib/model.js:4314:5)
      at /Users/admin/Documents/Maulik/insurance/product_inquiry/node_modules/mongoose/lib/model.js:4286:5
      at new Promise (<anonymous>)
      at Function.populate (/Users/admin/Documents/Maulik/insurance/product_inquiry/node_modules/mongoose/lib/model.js:4285:10)
      at model.Query._find (/Users/admin/Documents/Maulik/insurance/product_inquiry/node_modules/mongoose/lib/query.js:2316:20),
  label: 'right meow!',
  timestamp: '2023-12-03T18:14:37.951Z'
}
