{
  level: 'error',
  error: Error: products validation failed: updatedBy: Path `updatedBy` is required., createdBy: Path `createdBy` is required.
      at ValidationError.inspect (/var/www/html/Pankaj/NODE/Product Inquiry/product_inquiry/node_modules/mongoose/lib/error/validation.js:50:26)
      at formatValue (node:internal/util/inspect:806:19)
      at formatProperty (node:internal/util/inspect:1939:11)
      at formatRaw (node:internal/util/inspect:1055:9)
      at formatValue (node:internal/util/inspect:841:10)
      at inspect (node:internal/util/inspect:365:10)
      at Format.transform (/var/www/html/Pankaj/NODE/Product Inquiry/product_inquiry/node_modules/logform/pretty-print.js:27:19)
      at Format.transform (/var/www/html/Pankaj/NODE/Product Inquiry/product_inquiry/node_modules/logform/combine.js:20:24)
      at DerivedLogger._transform (/var/www/html/Pankaj/NODE/Product Inquiry/product_inquiry/node_modules/winston/lib/winston/logger.js:313:29)
      at DerivedLogger.Transform._read (/var/www/html/Pankaj/NODE/Product Inquiry/product_inquiry/node_modules/readable-stream/lib/_stream_transform.js:166:10) {
    errors: {
      updatedBy: ValidatorError: Path `updatedBy` is required.
          at validate (/var/www/html/Pankaj/NODE/Product Inquiry/product_inquiry/node_modules/mongoose/lib/schematype.js:1349:13)
          at SchemaString.SchemaType.doValidate (/var/www/html/Pankaj/NODE/Product Inquiry/product_inquiry/node_modules/mongoose/lib/schematype.js:1333:7)
          at /var/www/html/Pankaj/NODE/Product Inquiry/product_inquiry/node_modules/mongoose/lib/document.js:2932:18
          at processTicksAndRejections (node:internal/process/task_queues:78:11) {
        properties: {
          validator: [Function (anonymous)],
          message: 'Path `updatedBy` is required.',
          type: 'required',
          path: 'updatedBy',
          value: undefined
        },
        kind: 'required',
        path: 'updatedBy',
        value: undefined,
        reason: undefined,
        [Symbol(mongoose:validatorError)]: true
      },
      createdBy: ValidatorError: Path `createdBy` is required.
          at validate (/var/www/html/Pankaj/NODE/Product Inquiry/product_inquiry/node_modules/mongoose/lib/schematype.js:1349:13)
          at SchemaString.SchemaType.doValidate (/var/www/html/Pankaj/NODE/Product Inquiry/product_inquiry/node_modules/mongoose/lib/schematype.js:1333:7)
          at /var/www/html/Pankaj/NODE/Product Inquiry/product_inquiry/node_modules/mongoose/lib/document.js:2932:18
          at processTicksAndRejections (node:internal/process/task_queues:78:11) {
        properties: {
          validator: [Function (anonymous)],
          message: 'Path `createdBy` is required.',
          type: 'required',
          path: 'createdBy',
          value: undefined
        },
        kind: 'required',
        path: 'createdBy',
        value: undefined,
        reason: undefined,
        [Symbol(mongoose:validatorError)]: true
      }
    },
    _message: 'products validation failed'
  },
  message: 'products validation failed: updatedBy: Path `updatedBy` is required., createdBy: Path `createdBy` is required.',
  label: 'right meow!',
  timestamp: '2023-06-07T04:45:27.470Z'
}
